<?xml version="1.0" encoding="UTF-8"?>
<Site BuildName="(empty)"
	BuildStamp="20211223-0625-Experimental"
	Name="(empty)"
	Generator="ctest-3.10.2"
	CompilerName=""
	CompilerVersion=""
	OSName="Linux"
	Hostname="4e8d49abad4d"
	OSRelease="4.15.0-142-generic"
	OSVersion="#146~16.04.1-Ubuntu SMP Tue Apr 13 09:27:15 UTC 2021"
	OSPlatform="x86_64"
	Is64Bits="1"
	VendorString="GenuineIntel"
	VendorID="Intel Corporation"
	FamilyID="6"
	ModelID="63"
	ProcessorCacheSize="30720"
	NumberOfLogicalCPU="48"
	NumberOfPhysicalCPU="24"
	TotalVirtualMemory="66511"
	TotalPhysicalMemory="128800"
	LogicalProcessorsPerPhysical="2"
	ProcessorClockFrequency="2207.85"
	>
	<Testing>
		<StartDateTime>Dec 23 14:25 CST</StartDateTime>
		<StartTestTime>1640240742</StartTestTime>
		<TestList/>
		<EndDateTime>Dec 23 14:25 CST</EndDateTime>
		<EndTestTime>1640240742</EndTestTime>
		<ElapsedMinutes>0</ElapsedMinutes>
	</Testing>
</Site>
